<?xml version="1.0" encoding="UTF-8"?>
<testsuites name="open browser" time="0.239" tests="2" failures="0" errors="2">
   <testsuite name="open browser" tests="2" failures="0" errors="2" time="0.239" skipped="0" timestamp="18-08-2026T16:40:41" hostname="Pc p - DESKTOP-8DOPEV3" id="Test Suites/open browser">
      <properties>
         <property name="deviceName" value=""/>
         <property name="devicePlatform"/>
         <property name="logFolder" value="C:\\Users\\Pc p\\git\\katalon_automation_testing\\Reports\\20260818_164036\\open browser\\20260818_164037"/>
         <property name="logFiles" value="C:\\Users\\Pc p\\git\\katalon_automation_testing\\Reports\\20260818_164036\\open browser\\20260818_164037\\execution0.log"/>
         <property name="attachments" value=""/>
         <property name="hostName" value="Pc p - DESKTOP-8DOPEV3"/>
         <property name="hostAddress" value="192.168.18.96"/>
         <property name="os" value="Windows 10 64bit"/>
         <property name="katalonVersion" value="9.6.0.217"/>
      </properties>
      <testcase name="Test Cases/Test Scripting mod" time="0.004" classname="Test Cases/Test Scripting mod" status="ERROR">
         <error type="ERROR" message="Test Cases/Test Scripting mod has ERROR(s).&#xa;Reason:&#xa;java.io.FileNotFoundException: File '' does not exist"/>
         <system-out><![CDATA[18-08-2026T16:40:41 - [TEST_CASE][ERROR] - Test Cases/Test Scripting mod: Test Cases/Test Scripting mod has ERROR(s).
Reason:
java.io.FileNotFoundException: File '' does not exist]]></system-out>
         <system-err><![CDATA[18-08-2026T16:40:41 - [TEST_CASE][ERROR] - Test Cases/Test Scripting mod: Test Cases/Test Scripting mod has ERROR(s).
Reason:
java.io.FileNotFoundException: File '' does not exist]]></system-err>
      </testcase>
      <testcase name="Test Cases/Manual_Test" time="0.003" classname="Test Cases/Manual_Test" status="ERROR">
         <error type="ERROR" message="Test Cases/Manual_Test has ERROR(s).&#xa;Reason:&#xa;java.io.FileNotFoundException: File '' does not exist"/>
         <system-out><![CDATA[18-08-2026T16:40:41 - [TEST_CASE][ERROR] - Test Cases/Manual_Test: Test Cases/Manual_Test has ERROR(s).
Reason:
java.io.FileNotFoundException: File '' does not exist]]></system-out>
         <system-err><![CDATA[18-08-2026T16:40:41 - [TEST_CASE][ERROR] - Test Cases/Manual_Test: Test Cases/Manual_Test has ERROR(s).
Reason:
java.io.FileNotFoundException: File '' does not exist]]></system-err>
      </testcase>
      <system-out><![CDATA[18-08-2026T16:40:41 - [TEST_SUITE][ERROR] - open browser: Test Cases/Test Scripting mod has ERROR(s).
Reason:
java.io.FileNotFoundException: File '' does not exist]]></system-out>
      <system-err><![CDATA[18-08-2026T16:40:41 - [TEST_SUITE][ERROR] - open browser: Test Cases/Test Scripting mod has ERROR(s).
Reason:
java.io.FileNotFoundException: File '' does not exist]]></system-err>
   </testsuite>
</testsuites>
